Engineer: jeff
Date: 2026-05-25
Tasks completed: 12
Files written: 67

Task Summary:
  [DONE] TASK-267: Create an AI-Powered Award Flight Recommendation Engine
         Files: /home/runner/work/District-Award-Travel/District-Award-Travel/platform/src/intelligence/award_flight_recommender.py, /home/runner/work/District-Award-Travel/District-Award-Travel/platform/src/pipeline/award_flight_pipeline.py, /home/runner/work/District-Award-Travel/District-Award-Travel/platform/public/index.html, /home/runner/work/District-Award-Travel/District-Award-Travel/platform/public/script.js, /home/runner/work/District-Award-Travel/District-Award-Travel/platform/public/styles.css, /home/runner/work/District-Award-Travel/District-Award-Travel/platform/src/main.py
  [DONE] TASK-268: Develop a User Intelligence Dashboard with Predictive Analytics
         Files: /home/runner/work/District-Award-Travel/District-Award-Travel/platform/src/intelligence/predictive_analytics.py, /home/runner/work/District-Award-Travel/District-Award-Travel/platform/src/pipeline/data_pipeline.py, /home/runner/work/District-Award-Travel/District-Award-Travel/platform/src/main.py, /home/runner/work/District-Award-Travel/District-Award-Travel/platform/public/index.html, /home/runner/work/District-Award-Travel/District-Award-Travel/platform/public/script.js, /home/runner/work/District-Award-Travel/District-Award-Travel/platform/public/styles.css
  [DONE] TASK-269: Integrate Award Flight Search Engine with Recommendation Engine
         Files: /home/runner/work/District-Award-Travel/District-Award-Travel/platform/src/pipeline/award_flight_search_engine.py, /home/runner/work/District-Award-Travel/District-Award-Travel/platform/src/intelligence/recommendation_engine.py, /home/runner/work/District-Award-Travel/District-Award-Travel/platform/src/pipeline/pipeline.py, /home/runner/work/District-Award-Travel/District-Award-Travel/platform/public/index.html, /home/runner/work/District-Award-Travel/District-Award-Travel/platform/public/script.js, /home/runner/work/District-Award-Travel/District-Award-Travel/platform/public/styles.css
  [DONE] TASK-270: Develop a Personalized Award Flight Recommendation Engine
         Files: /home/runner/work/District-Award-Travel/District-Award-Travel/platform/src/intelligence/award_flight_recommender.py, /home/runner/work/District-Award-Travel/District-Award-Travel/platform/public/index.html, /home/runner/work/District-Award-Travel/District-Award-Travel/platform/public/script.js, /home/runner/work/District-Award-Travel/District-Award-Travel/platform/public/styles.css
  [DONE] TASK-271: Integrate Award Flight Search Engine with Payment Gateway
         Files: /home/runner/work/District-Award-Travel/District-Award-Travel/platform/src/intelligence/award_flight_search_engine.py, /home/runner/work/District-Award-Travel/District-Award-Travel/platform/src/pipeline/payment_gateway.py, /home/runner/work/District-Award-Travel/District-Award-Travel/platform/public/index.html, /home/runner/work/District-Award-Travel/District-Award-Travel/platform/public/styles.css, /home/runner/work/District-Award-Travel/District-Award-Travel/platform/public/script.js
  [DONE] TASK-272: Integrate Award Flight Recommendation Engine with Loyalty Program
         Files: /home/runner/work/District-Award-Travel/District-Award-Travel/platform/src/intelligence/award_flight_recommendation_engine.py, /home/runner/work/District-Award-Travel/District-Award-Travel/platform/src/pipeline/loyalty_program_pipeline.py, /home/runner/work/District-Award-Travel/District-Award-Travel/platform/public/index.html, /home/runner/work/District-Award-Travel/District-Award-Travel/platform/public/script.js, /home/runner/work/District-Award-Travel/District-Award-Travel/platform/public/styles.css
  [DONE] TASK-273: Integrate with Airline APIs for Real-Time Flight Data
         Files: /home/runner/work/District-Award-Travel/District-Award-Travel/platform/src/pipeline/airline_api.py, /home/runner/work/District-Award-Travel/District-Award-Travel/platform/src/pipeline/flight_search_engine.py, /home/runner/work/District-Award-Travel/District-Award-Travel/platform/src/intelligence/award_flight_model.py, /home/runner/work/District-Award-Travel/District-Award-Travel/platform/public/index.html, /home/runner/work/District-Award-Travel/District-Award-Travel/platform/public/script.js, /home/runner/work/District-Award-Travel/District-Award-Travel/platform/public/styles.css, /home/runner/work/District-Award-Travel/District-Award-Travel/platform/src/main.py
  [DONE] TASK-274: Integrate with External Flight Data API
         Files: /home/runner/work/District-Award-Travel/District-Award-Travel/platform/src/pipeline/flight_data_api.py, /home/runner/work/District-Award-Travel/District-Award-Travel/platform/src/intelligence/award_flight_recommender.py, /home/runner/work/District-Award-Travel/District-Award-Travel/platform/src/pipeline/pipeline.py, /home/runner/work/District-Award-Travel/District-Award-Travel/platform/public/index.html, /home/runner/work/District-Award-Travel/District-Award-Travel/platform/public/script.js, /home/runner/work/District-Award-Travel/District-Award-Travel/platform/public/styles.css, /home/runner/work/District-Award-Travel/District-Award-Travel/platform/src/main.py
  [DONE] TASK-275: Develop a Reward Points System
         Files: /home/runner/work/District-Award-Travel/District-Award-Travel/platform/src/pipeline/reward_points_system.py, /home/runner/work/District-Award-Travel/District-Award-Travel/platform/src/intelligence/valuation_model.py, /home/runner/work/District-Award-Travel/District-Award-Travel/platform/public/index.html, /home/runner/work/District-Award-Travel/District-Award-Travel/platform/public/styles.css, /home/runner/work/District-Award-Travel/District-Award-Travel/platform/public/script.js, /home/runner/work/District-Award-Travel/District-Award-Travel/platform/src/main.py
  [DONE] TASK-276: Integrate with User Authentication System
         Files: /home/runner/work/District-Award-Travel/District-Award-Travel/platform/src/intelligence/user_authentication.py, /home/runner/work/District-Award-Travel/District-Award-Travel/platform/src/pipeline/user_preferences.py, /home/runner/work/District-Award-Travel/District-Award-Travel/platform/public/index.html, /home/runner/work/District-Award-Travel/District-Award-Travel/platform/public/script.js, /home/runner/work/District-Award-Travel/District-Award-Travel/platform/public/styles.css
  [DONE] TASK-277: Implement User Authentication and Authorization
         Files: /home/runner/work/District-Award-Travel/District-Award-Travel/platform/src/pipeline/auth.py, /home/runner/work/District-Award-Travel/District-Award-Travel/platform/public/index.html, /home/runner/work/District-Award-Travel/District-Award-Travel/platform/public/script.js, /home/runner/work/District-Award-Travel/District-Award-Travel/platform/public/styles.css
  [DONE] TASK-278: Integrate with Airline APIs
         Files: /home/runner/work/District-Award-Travel/District-Award-Travel/platform/src/pipeline/airline_api.py, /home/runner/work/District-Award-Travel/District-Award-Travel/platform/src/intelligence/flight_recommender.py, /home/runner/work/District-Award-Travel/District-Award-Travel/platform/public/index.html, /home/runner/work/District-Award-Travel/District-Award-Travel/platform/public/script.js, /home/runner/work/District-Award-Travel/District-Award-Travel/platform/public/styles.css, /home/runner/work/District-Award-Travel/District-Award-Travel/platform/src/main.py