Engineer: jeff
Date: 2026-06-07
Tasks completed: 26
Files written: 135

Task Summary:
  [DONE] TASK-1044: Award Flight Value Estimation Model
         Files: /home/runner/work/District-Award-Travel/District-Award-Travel/platform/src/models/award_flight_value_estimator.py, /home/runner/work/District-Award-Travel/District-Award-Travel/platform/src/pipeline/award_flight_pipeline.py, /home/runner/work/District-Award-Travel/District-Award-Travel/platform/public/index.html, /home/runner/work/District-Award-Travel/District-Award-Travel/platform/public/script.js, /home/runner/work/District-Award-Travel/District-Award-Travel/platform/public/styles.css, /home/runner/work/District-Award-Travel/District-Award-Travel/platform/src/main.py
  [DONE] TASK-1045: Client Dashboard with Award Flight Recommendations
         Files: /home/runner/work/District-Award-Travel/District-Award-Travel/platform/public/dashboard/index.html, /home/runner/work/District-Award-Travel/District-Award-Travel/platform/public/dashboard/styles.css, /home/runner/work/District-Award-Travel/District-Award-Travel/platform/public/dashboard/script.js, /home/runner/work/District-Award-Travel/District-Award-Travel/platform/src/intelligence/award_flight_recommender.py
  [DONE] TASK-1046: Develop a Dashboard for Award Flight Value Estimator
         Files: /home/runner/work/District-Award-Travel/District-Award-Travel/platform/public/index.html, /home/runner/work/District-Award-Travel/District-Award-Travel/platform/public/styles.css, /home/runner/work/District-Award-Travel/District-Award-Travel/platform/public/script.js, /home/runner/work/District-Award-Travel/District-Award-Travel/platform/src/intelligence/estimator.py, /home/runner/work/District-Award-Travel/District-Award-Travel/platform/src/pipeline/pipeline.py, /home/runner/work/District-Award-Travel/District-Award-Travel/platform/src/main.py
  [DONE] TASK-1048: Implement a Machine Learning Model to Predict Award Flight Values
         Files: /home/runner/work/District-Award-Travel/District-Award-Travel/platform/src/intelligence/award_flight_value_predictor.py, /home/runner/work/District-Award-Travel/District-Award-Travel/platform/src/pipeline/award_flight_pipeline.py, /home/runner/work/District-Award-Travel/District-Award-Travel/platform/public/index.html, /home/runner/work/District-Award-Travel/District-Award-Travel/platform/public/script.js, /home/runner/work/District-Award-Travel/District-Award-Travel/platform/public/styles.css, /home/runner/work/District-Award-Travel/District-Award-Travel/platform/src/main.py
  [DONE] TASK-1050: Integrate Award Flight Value Predictor with Award Flight Search
         Files: /home/runner/work/District-Award-Travel/District-Award-Travel/platform/src/intelligence/award_flight_value_predictor.py, /home/runner/work/District-Award-Travel/District-Award-Travel/platform/src/pipeline/award_flight_search.py, /home/runner/work/District-Award-Travel/District-Award-Travel/platform/src/pipeline/award_flight_pipeline.py, /home/runner/work/District-Award-Travel/District-Award-Travel/platform/public/index.html, /home/runner/work/District-Award-Travel/District-Award-Travel/platform/public/script.js, /home/runner/work/District-Award-Travel/District-Award-Travel/platform/public/styles.css, /home/runner/work/District-Award-Travel/District-Award-Travel/platform/src/main.py
  [DONE] TASK-1051: Implement Award Flight Booking System
         Files: /home/runner/work/District-Award-Travel/District-Award-Travel/platform/src/main.py, /home/runner/work/District-Award-Travel/District-Award-Travel/platform/src/intelligence/award_flight_booking.py, /home/runner/work/District-Award-Travel/District-Award-Travel/platform/src/pipeline/award_flight_pipeline.py, /home/runner/work/District-Award-Travel/District-Award-Travel/platform/public/index.html, /home/runner/work/District-Award-Travel/District-Award-Travel/platform/public/script.js, /home/runner/work/District-Award-Travel/District-Award-Travel/platform/public/styles.css
  [DONE] TASK-1053: Integrate Award Flight Booking System with Payment Gateway
         Files: /home/runner/work/District-Award-Travel/District-Award-Travel/platform/src/intelligence/award_flight_booking_system.py, /home/runner/work/District-Award-Travel/District-Award-Travel/platform/src/pipeline/payment_gateway_pipeline.py, /home/runner/work/District-Award-Travel/District-Award-Travel/platform/public/index.html, /home/runner/work/District-Award-Travel/District-Award-Travel/platform/public/script.js, /home/runner/work/District-Award-Travel/District-Award-Travel/platform/public/styles.css
  [DONE] TASK-1047: Implement Award Flight Price Alerts
         Files: /home/runner/work/District-Award-Travel/District-Award-Travel/platform/src/intelligence/award_flight_price_estimator.py, /home/runner/work/District-Award-Travel/District-Award-Travel/platform/src/pipeline/award_flight_price_alerts.py, /home/runner/work/District-Award-Travel/District-Award-Travel/platform/public/index.html, /home/runner/work/District-Award-Travel/District-Award-Travel/platform/public/styles.css, /home/runner/work/District-Award-Travel/District-Award-Travel/platform/public/script.js, /home/runner/work/District-Award-Travel/District-Award-Travel/platform/src/main.py
  [DONE] TASK-1049: Implement a User Interface for Award Flight Search
         Files: /home/runner/work/District-Award-Travel/District-Award-Travel/platform/public/index.html, /home/runner/work/District-Award-Travel/District-Award-Travel/platform/public/styles.css, /home/runner/work/District-Award-Travel/District-Award-Travel/platform/public/script.js, /home/runner/work/District-Award-Travel/District-Award-Travel/platform/src/main.py, /home/runner/work/District-Award-Travel/District-Award-Travel/platform/src/intelligence/award_flight_search.py, /home/runner/work/District-Award-Travel/District-Award-Travel/platform/src/pipeline/award_flight_pipeline.py
  [DONE] TASK-1052: Integrate Award Flight Value Predictor with Award Flight Booking System
         Files: /home/runner/work/District-Award-Travel/District-Award-Travel/platform/src/intelligence/award_flight_value_predictor.py, /home/runner/work/District-Award-Travel/District-Award-Travel/platform/src/pipeline/award_flight_booking_pipeline.py, /home/runner/work/District-Award-Travel/District-Award-Travel/platform/public/index.html, /home/runner/work/District-Award-Travel/District-Award-Travel/platform/public/styles.css, /home/runner/work/District-Award-Travel/District-Award-Travel/platform/public/script.js
  [DONE] TASK-1054: Implement Award Flight Cancellation System
         Files: /home/runner/work/District-Award-Travel/District-Award-Travel/platform/src/pipeline/award_flight_cancellation_pipeline.py, /home/runner/work/District-Award-Travel/District-Award-Travel/platform/src/intelligence/award_flight_cancellation_model.py, /home/runner/work/District-Award-Travel/District-Award-Travel/platform/public/index.html, /home/runner/work/District-Award-Travel/District-Award-Travel/platform/public/styles.css, /home/runner/work/District-Award-Travel/District-Award-Travel/platform/public/script.js
  [DONE] TASK-1056: Integrate Award Flight Cancellation System with Award Flight Booking System
         Files: /home/runner/work/District-Award-Travel/District-Award-Travel/platform/src/pipeline/award_flight_cancellation_pipeline.py, /home/runner/work/District-Award-Travel/District-Award-Travel/platform/src/intelligence/award_flight_booking_system.py, /home/runner/work/District-Award-Travel/District-Award-Travel/platform/src/intelligence/award_flight_cancellation_system.py, /home/runner/work/District-Award-Travel/District-Award-Travel/platform/src/models.py, /home/runner/work/District-Award-Travel/District-Award-Travel/platform/public/index.html, /home/runner/work/District-Award-Travel/District-Award-Travel/platform/public/script.js, /home/runner/work/District-Award-Travel/District-Award-Travel/platform/public/styles.css
  [DONE] TASK-1057: Implement Award Flight Booking System with User Authentication
         Files: /home/runner/work/District-Award-Travel/District-Award-Travel/platform/src/main.py, /home/runner/work/District-Award-Travel/District-Award-Travel/platform/src/intelligence/award_flight_booking_system.py, /home/runner/work/District-Award-Travel/District-Award-Travel/platform/src/pipeline/pipeline.py, /home/runner/work/District-Award-Travel/District-Award-Travel/platform/src/models/user.py, /home/runner/work/District-Award-Travel/District-Award-Travel/platform/public/index.html, /home/runner/work/District-Award-Travel/District-Award-Travel/platform/public/book-award-flight.html
  [DONE] TASK-1059: Integrate Award Flight Booking System with Payment Gateway
         Files: /home/runner/work/District-Award-Travel/District-Award-Travel/platform/src/pipeline/payment_gateway.py, /home/runner/work/District-Award-Travel/District-Award-Travel/platform/src/pipeline/utils.py, /home/runner/work/District-Award-Travel/District-Award-Travel/platform/src/intelligence/models.py, /home/runner/work/District-Award-Travel/District-Award-Travel/platform/public/index.html, /home/runner/work/District-Award-Travel/District-Award-Travel/platform/public/script.js, /home/runner/work/District-Award-Travel/District-Award-Travel/platform/public/styles.css
  [DONE] TASK-1058: Develop a Dashboard for Award Flight Booking and Cancellation Analytics
         Files: /home/runner/work/District-Award-Travel/District-Award-Travel/platform/public/index.html, /home/runner/work/District-Award-Travel/District-Award-Travel/platform/public/styles.css, /home/runner/work/District-Award-Travel/District-Award-Travel/platform/public/script.js, /home/runner/work/District-Award-Travel/District-Award-Travel/platform/src/main.py, /home/runner/work/District-Award-Travel/District-Award-Travel/platform/src/intelligence/bookings.py, /home/runner/work/District-Award-Travel/District-Award-Travel/platform/src/intelligence/cancellations.py, /home/runner/work/District-Award-Travel/District-Award-Travel/platform/src/pipeline/bookings_pipeline.py, /home/runner/work/District-Award-Travel/District-Award-Travel/platform/src/pipeline/cancellations_pipeline.py
  [DONE] TASK-1060: Implement Award Flight Booking Cancellation System
         Files: /home/runner/work/District-Award-Travel/District-Award-Travel/platform/src/pipeline/cancellation_pipeline.py, /home/runner/work/District-Award-Travel/District-Award-Travel/platform/src/intelligence/award_flight_booking.py, /home/runner/work/District-Award-Travel/District-Award-Travel/platform/public/index.html, /home/runner/work/District-Award-Travel/District-Award-Travel/platform/public/script.js, /home/runner/work/District-Award-Travel/District-Award-Travel/platform/public/styles.css
  [DONE] TASK-1062: Integrate Award Flight Booking Cancellation System with Payment Gateway
         Files: /home/runner/work/District-Award-Travel/District-Award-Travel/platform/src/intelligence/award_flight_booking_cancellation_system.py, /home/runner/work/District-Award-Travel/District-Award-Travel/platform/src/pipeline/award_flight_booking_cancellation_pipeline.py, /home/runner/work/District-Award-Travel/District-Award-Travel/platform/public/index.html, /home/runner/work/District-Award-Travel/District-Award-Travel/platform/public/styles.css
  [DONE] TASK-1063: Implement Award Flight Booking Search Functionality
         Files: /home/runner/work/District-Award-Travel/District-Award-Travel/platform/src/pipeline/award_flight_booking_search.py, /home/runner/work/District-Award-Travel/District-Award-Travel/platform/public/index.html, /home/runner/work/District-Award-Travel/District-Award-Travel/platform/public/styles.css, /home/runner/work/District-Award-Travel/District-Award-Travel/platform/public/script.js, /home/runner/work/District-Award-Travel/District-Award-Travel/platform/src/intelligence/award_flight_valuation.py
  [DONE] TASK-1064: Integrate Award Flight Booking System with Loyalty Program
         Files: /home/runner/work/District-Award-Travel/District-Award-Travel/platform/src/pipeline/loyalty_program.py, /home/runner/work/District-Award-Travel/District-Award-Travel/platform/src/intelligence/award_flight_booking_system.py, /home/runner/work/District-Award-Travel/District-Award-Travel/platform/public/index.html, /home/runner/work/District-Award-Travel/District-Award-Travel/platform/public/styles.css, /home/runner/work/District-Award-Travel/District-Award-Travel/platform/public/script.js
  [DONE] TASK-1065: Integrate Award Flight Booking Search with Google Maps
         Files: /home/runner/work/District-Award-Travel/District-Award-Travel/platform/src/pipeline/award_flight_booking_search.py, /home/runner/work/District-Award-Travel/District-Award-Travel/platform/src/intelligence/google_maps_integration.py, /home/runner/work/District-Award-Travel/District-Award-Travel/platform/public/index.html, /home/runner/work/District-Award-Travel/District-Award-Travel/platform/public/script.js, /home/runner/work/District-Award-Travel/District-Award-Travel/platform/public/styles.css
  [DONE] TASK-1066: Integrate Payment Gateway
         Files: /home/runner/work/District-Award-Travel/District-Award-Travel/platform/src/pipeline/payment_gateway.py, /home/runner/work/District-Award-Travel/District-Award-Travel/platform/src/intelligence/payment_processor.py, /home/runner/work/District-Award-Travel/District-Award-Travel/platform/public/index.html, /home/runner/work/District-Award-Travel/District-Award-Travel/platform/public/script.js, /home/runner/work/District-Award-Travel/District-Award-Travel/platform/public/styles.css
  [DONE] TASK-1067: Develop Award Flight Booking Cancellation Policy
         Files: /home/runner/work/District-Award-Travel/District-Award-Travel/platform/src/intelligence/cancellation_policy.py, /home/runner/work/District-Award-Travel/District-Award-Travel/platform/src/pipeline/cancellation_pipeline.py, /home/runner/work/District-Award-Travel/District-Award-Travel/platform/public/index.html, /home/runner/work/District-Award-Travel/District-Award-Travel/platform/public/script.js, /home/runner/work/District-Award-Travel/District-Award-Travel/platform/public/styles.css, /home/runner/work/District-Award-Travel/District-Award-Travel/platform/src/main.py
  [DONE] TASK-1069: Implement Award Flight Booking Search Functionality
         Files: /home/runner/work/District-Award-Travel/District-Award-Travel/platform/main.py, /home/runner/work/District-Award-Travel/District-Award-Travel/platform/src/intelligence/recommendation_engine.py
  [DONE] TASK-1055: Integrate Award Flight Booking System with User Profile Management
         Files: /home/runner/work/District-Award-Travel/District-Award-Travel/platform/main.py, /home/runner/work/District-Award-Travel/District-Award-Travel/platform/src/intelligence/points_calculator.py
  [DONE] TASK-1061: Develop Award Flight Booking Analytics Dashboard
         Files: /home/runner/work/District-Award-Travel/District-Award-Travel/platform/src/pipeline/award_flight_booking_pipeline.py, /home/runner/work/District-Award-Travel/District-Award-Travel/platform/public/index.html, /home/runner/work/District-Award-Travel/District-Award-Travel/platform/public/styles.css, /home/runner/work/District-Award-Travel/District-Award-Travel/platform/public/script.js
  [DONE] TASK-1068: Add Payment History Feature
         Files: /home/runner/work/District-Award-Travel/District-Award-Travel/platform/src/pipeline/payment_history.py, /home/runner/work/District-Award-Travel/District-Award-Travel/platform/src/api/payment_history.py, /home/runner/work/District-Award-Travel/District-Award-Travel/platform/public/payment-history.html