Engineer: jeff
Date: 2026-05-28
Tasks completed: 29
Files written: 137

Task Summary:
  [DONE] TASK-298: Develop an AI-Powered Award Flight Optimization Engine with Predictive Modeling and Reinforcement Learning
         Files: /home/runner/work/District-Award-Travel/District-Award-Travel/platform/src/intelligence/award_flight_optimizer.py, /home/runner/work/District-Award-Travel/District-Award-Travel/platform/src/pipeline/data_loader.py, /home/runner/work/District-Award-Travel/District-Award-Travel/platform/src/pipeline/pipeline.py, /home/runner/work/District-Award-Travel/District-Award-Travel/platform/public/index.html, /home/runner/work/District-Award-Travel/District-Award-Travel/platform/public/script.js, /home/runner/work/District-Award-Travel/District-Award-Travel/platform/public/styles.css, /home/runner/work/District-Award-Travel/District-Award-Travel/platform/src/main.py
  [DONE] TASK-299: Design and Implement a User-Facing Dashboard with Real-Time Analytics and AI-Driven Insights
         Files: /home/runner/work/District-Award-Travel/District-Award-Travel/platform/src/main.py, /home/runner/work/District-Award-Travel/District-Award-Travel/platform/src/intelligence/ai_model.py, /home/runner/work/District-Award-Travel/District-Award-Travel/platform/src/pipeline/pipeline.py, /home/runner/work/District-Award-Travel/District-Award-Travel/platform/public/index.html, /home/runner/work/District-Award-Travel/District-Award-Travel/platform/public/static/style.css, /home/runner/work/District-Award-Travel/District-Award-Travel/platform/public/static/script.js
  [DONE] TASK-300: Develop a Dashboard for Award Flight Optimizer
         Files: /home/runner/work/District-Award-Travel/District-Award-Travel/platform/src/main.py, /home/runner/work/District-Award-Travel/District-Award-Travel/platform/src/intelligence/award_flight_optimizer.py, /home/runner/work/District-Award-Travel/District-Award-Travel/platform/src/pipeline/pipeline.py, /home/runner/work/District-Award-Travel/District-Award-Travel/platform/public/dashboard.html, /home/runner/work/District-Award-Travel/District-Award-Travel/platform/public/static/dashboard.css, /home/runner/work/District-Award-Travel/District-Award-Travel/platform/public/static/dashboard.js, /home/runner/work/District-Award-Travel/District-Award-Travel/flights.db
  [DONE] TASK-301: Develop a Machine Learning Model to Predict Award Travel Redemption Rates
         Files: /home/runner/work/District-Award-Travel/District-Award-Travel/platform/src/intelligence/award_travel_redemption_rate_model.py, /home/runner/work/District-Award-Travel/District-Award-Travel/platform/src/pipeline/award_travel_redemption_rate_pipeline.py, /home/runner/work/District-Award-Travel/District-Award-Travel/platform/public/index.html, /home/runner/work/District-Award-Travel/District-Award-Travel/platform/public/styles.css, /home/runner/work/District-Award-Travel/District-Award-Travel/platform/public/script.js, /home/runner/work/District-Award-Travel/District-Award-Travel/platform/src/main.py
  [DONE] TASK-302: Integrate Award Flight Optimizer with External Flight APIs
         Files: /home/runner/work/District-Award-Travel/District-Award-Travel/platform/src/pipeline/flight_api.py, /home/runner/work/District-Award-Travel/District-Award-Travel/platform/src/intelligence/award_flight_optimizer.py, /home/runner/work/District-Award-Travel/District-Award-Travel/platform/public/index.html, /home/runner/work/District-Award-Travel/District-Award-Travel/platform/public/styles.css, /home/runner/work/District-Award-Travel/District-Award-Travel/platform/public/script.js
  [DONE] TASK-303: Implement a Recommendation System for Award Travel
         Files: /home/runner/work/District-Award-Travel/District-Award-Travel/platform/src/intelligence/recommendation_system.py, /home/runner/work/District-Award-Travel/District-Award-Travel/platform/src/pipeline/data_pipeline.py, /home/runner/work/District-Award-Travel/District-Award-Travel/platform/public/index.html, /home/runner/work/District-Award-Travel/District-Award-Travel/platform/public/styles.css, /home/runner/work/District-Award-Travel/District-Award-Travel/platform/public/script.js, /home/runner/work/District-Award-Travel/District-Award-Travel/platform/src/main.py
  [DONE] TASK-304: Integrate with Payment Gateway
         Files: /home/runner/work/District-Award-Travel/District-Award-Travel/platform/src/pipeline/payment_gateway.py, /home/runner/work/District-Award-Travel/District-Award-Travel/platform/src/intelligence/award_flight_optimizer.py, /home/runner/work/District-Award-Travel/District-Award-Travel/platform/public/index.html, /home/runner/work/District-Award-Travel/District-Award-Travel/platform/public/styles.css, /home/runner/work/District-Award-Travel/District-Award-Travel/platform/public/script.js
  [DONE] TASK-305: Integrate Payment Gateway
         Files: /home/runner/work/District-Award-Travel/District-Award-Travel/platform/src/pipeline/payment_gateway.py, /home/runner/work/District-Award-Travel/District-Award-Travel/platform/src/intelligence/award_travel_model.py, /home/runner/work/District-Award-Travel/District-Award-Travel/platform/public/index.html, /home/runner/work/District-Award-Travel/District-Award-Travel/platform/public/styles.css, /home/runner/work/District-Award-Travel/District-Award-Travel/platform/public/script.js
  [DONE] TASK-306: Integrate with Airline APIs
         Files: /home/runner/work/District-Award-Travel/District-Award-Travel/platform/src/pipeline/airline_api.py, /home/runner/work/District-Award-Travel/District-Award-Travel/platform/src/intelligence/flight_optimizer.py, /home/runner/work/District-Award-Travel/District-Award-Travel/platform/src/main.py, /home/runner/work/District-Award-Travel/District-Award-Travel/platform/public/index.html
  [DONE] TASK-307: Integrate User Authentication and Authorization
         Files: /home/runner/work/District-Award-Travel/District-Award-Travel/platform/src/intelligence/auth.py, /home/runner/work/District-Award-Travel/District-Award-Travel/platform/src/pipeline/pipeline.py, /home/runner/work/District-Award-Travel/District-Award-Travel/platform/public/index.html, /home/runner/work/District-Award-Travel/District-Award-Travel/platform/public/script.js, /home/runner/work/District-Award-Travel/District-Award-Travel/platform/public/styles.css
  [DONE] TASK-308: Add Flight Booking Feature
         Files: /home/runner/work/District-Award-Travel/District-Award-Travel/platform/src/pipeline/flight_booking.py, /home/runner/work/District-Award-Travel/District-Award-Travel/platform/src/intelligence/award_flight_optimizer.py, /home/runner/work/District-Award-Travel/District-Award-Travel/platform/public/index.html, /home/runner/work/District-Award-Travel/District-Award-Travel/platform/public/styles.css
  [DONE] TASK-310: Implement User Authentication
         Files: /home/runner/work/District-Award-Travel/District-Award-Travel/platform/src/pipeline/auth.py, /home/runner/work/District-Award-Travel/District-Award-Travel/platform/src/pipeline/models.py, /home/runner/work/District-Award-Travel/District-Award-Travel/platform/src/pipeline/main.py, /home/runner/work/District-Award-Travel/District-Award-Travel/platform/public/index.html, /home/runner/work/District-Award-Travel/District-Award-Travel/platform/public/script.js, /home/runner/work/District-Award-Travel/District-Award-Travel/platform/public/styles.css
  [DONE] TASK-311: Implement Award Travel Booking System
         Files: /home/runner/work/District-Award-Travel/District-Award-Travel/platform/src/main.py, /home/runner/work/District-Award-Travel/District-Award-Travel/platform/src/intelligence/award_travel_booking.py, /home/runner/work/District-Award-Travel/District-Award-Travel/platform/src/pipeline/booking_pipeline.py, /home/runner/work/District-Award-Travel/District-Award-Travel/platform/public/index.html, /home/runner/work/District-Award-Travel/District-Award-Travel/platform/public/static/style.css
  [DONE] TASK-313: Integrate Award Travel Booking System with Payment Gateway
         Files: /home/runner/work/District-Award-Travel/District-Award-Travel/platform/src/pipeline/payment_gateway.py, /home/runner/work/District-Award-Travel/District-Award-Travel/platform/src/intelligence/award_travel_booking_system.py, /home/runner/work/District-Award-Travel/District-Award-Travel/platform/public/index.html, /home/runner/work/District-Award-Travel/District-Award-Travel/platform/public/styles.css, /home/runner/work/District-Award-Travel/District-Award-Travel/platform/public/script.js
  [DONE] TASK-314: Implement Payment Gateway Webhook
         Files: /home/runner/work/District-Award-Travel/District-Award-Travel/platform/src/pipeline/payment_gateway_webhook.py, /home/runner/work/District-Award-Travel/District-Award-Travel/platform/src/pipeline/database.py, /home/runner/work/District-Award-Travel/District-Award-Travel/platform/public/index.html, /home/runner/work/District-Award-Travel/District-Award-Travel/platform/public/script.js, /home/runner/work/District-Award-Travel/District-Award-Travel/platform/public/styles.css, /home/runner/work/District-Award-Travel/District-Award-Travel/platform/src/pipeline/main.py
  [DONE] TASK-316: Integrate Payment Gateway with Award Travel System
         Files: /home/runner/work/District-Award-Travel/District-Award-Travel/platform/src/pipeline/payment_gateway.py, /home/runner/work/District-Award-Travel/District-Award-Travel/platform/src/intelligence/award_travel_model.py, /home/runner/work/District-Award-Travel/District-Award-Travel/platform/public/index.html, /home/runner/work/District-Award-Travel/District-Award-Travel/platform/public/styles.css, /home/runner/work/District-Award-Travel/District-Award-Travel/platform/public/script.js
  [DONE] TASK-318: Integrate User Authentication with Award Travel System
         Files: /home/runner/work/District-Award-Travel/District-Award-Travel/platform/src/pipeline/auth_pipeline.py, /home/runner/work/District-Award-Travel/District-Award-Travel/platform/src/intelligence/user_authenticator.py, /home/runner/work/District-Award-Travel/District-Award-Travel/platform/public/index.html, /home/runner/work/District-Award-Travel/District-Award-Travel/platform/public/script.js, /home/runner/work/District-Award-Travel/District-Award-Travel/platform/public/styles.css
  [DONE] TASK-319: Implement Award Travel Booking System
         Files: /home/runner/work/District-Award-Travel/District-Award-Travel/platform/src/main.py, /home/runner/work/District-Award-Travel/District-Award-Travel/platform/src/intelligence/award_travel_booking_system.py, /home/runner/work/District-Award-Travel/District-Award-Travel/platform/src/pipeline/booking_pipeline.py, /home/runner/work/District-Award-Travel/District-Award-Travel/platform/public/script.js, /home/runner/work/District-Award-Travel/District-Award-Travel/platform/public/style.css
  [DONE] TASK-321: Integrate Award Travel Booking System with Payment Gateway
         Files: /home/runner/work/District-Award-Travel/District-Award-Travel/platform/src/pipeline/payment_gateway.py, /home/runner/work/District-Award-Travel/District-Award-Travel/platform/src/intelligence/booking_model.py, /home/runner/work/District-Award-Travel/District-Award-Travel/platform/public/index.html, /home/runner/work/District-Award-Travel/District-Award-Travel/platform/public/script.js, /home/runner/work/District-Award-Travel/District-Award-Travel/platform/public/styles.css
  [DONE] TASK-323: Develop Award Travel Booking Recommendation System
         Files: /home/runner/work/District-Award-Travel/District-Award-Travel/platform/src/intelligence/award_travel_recommender.py, /home/runner/work/District-Award-Travel/District-Award-Travel/platform/src/pipeline/data_loader.py, /home/runner/work/District-Award-Travel/District-Award-Travel/platform/src/pipeline/pipeline.py, /home/runner/work/District-Award-Travel/District-Award-Travel/platform/public/index.html, /home/runner/work/District-Award-Travel/District-Award-Travel/platform/public/script.js, /home/runner/work/District-Award-Travel/District-Award-Travel/platform/public/styles.css, /home/runner/work/District-Award-Travel/District-Award-Travel/platform/src/main.py
  [DONE] TASK-324: Integrate Award Travel Booking Recommendation System with User Profile Management
         Files: /home/runner/work/District-Award-Travel/District-Award-Travel/platform/src/intelligence/user_profile.py, /home/runner/work/District-Award-Travel/District-Award-Travel/platform/src/intelligence/award_travel_booking.py, /home/runner/work/District-Award-Travel/District-Award-Travel/platform/src/pipeline/user_profile_pipeline.py, /home/runner/work/District-Award-Travel/District-Award-Travel/platform/src/pipeline/award_travel_booking_pipeline.py, /home/runner/work/District-Award-Travel/District-Award-Travel/platform/public/index.html, /home/runner/work/District-Award-Travel/District-Award-Travel/platform/public/script.js
  [DONE] TASK-309: Integrate Payment Gateway
         Files: /home/runner/work/District-Award-Travel/District-Award-Travel/platform/src/pipeline/payment/payment_processor.py, /home/runner/work/District-Award-Travel/District-Award-Travel/platform/src/intelligence/models/payment_risk.py, /home/runner/work/District-Award-Travel/District-Award-Travel/platform/src/pipeline/payment/payment_gateway.py
  [DONE] TASK-312: Integrate Payment Gateway
         Files: /home/runner/work/District-Award-Travel/District-Award-Travel/platform/src/pipeline/payment_gateway.py, /home/runner/work/District-Award-Travel/District-Award-Travel/platform/public/index.html, /home/runner/work/District-Award-Travel/District-Award-Travel/platform/public/styles.css, /home/runner/work/District-Award-Travel/District-Award-Travel/platform/public/script.js
  [DONE] TASK-315: Add Booking Cancellation Feature
         Files: /home/runner/work/District-Award-Travel/District-Award-Travel/platform/src/pipeline/cancellation_service.py
  [DONE] TASK-317: Implement Award Travel Recommendation System
         Files: /home/runner/work/District-Award-Travel/District-Award-Travel/platform/src/intelligence/recommendation_engine.py, /home/runner/work/District-Award-Travel/District-Award-Travel/platform/src/pipeline/data_loader.py
  [DONE] TASK-320: Integrate Payment Gateway with Award Travel System
         Files: /home/runner/work/District-Award-Travel/District-Award-Travel/platform/src/payment/gateway.py, /home/runner/work/District-Award-Travel/District-Award-Travel/platform/src/payment/routes.py
  [DONE] TASK-322: Implement Award Travel Booking Cancellation Policy
         Files: /home/runner/work/District-Award-Travel/District-Award-Travel/platform/src/policy/cancellation.py, /home/runner/work/District-Award-Travel/District-Award-Travel/platform/src/pipeline/cancellation_worker.py, /home/runner/work/District-Award-Travel/District-Award-Travel/platform/src/api/cancellation_api.py
  [DONE] TASK-325: Develop Real-time Award Travel Booking Alert System
         Files: /home/runner/work/District-Award-Travel/District-Award-Travel/platform/src/pipeline/alert_pipeline.py, /home/runner/work/District-Award-Travel/District-Award-Travel/platform/src/intelligence/ai_models.py, /home/runner/work/District-Award-Travel/District-Award-Travel/platform/public/index.html
  [DONE] TASK-326: Integrate with External Travel APIs
         Files: /home/runner/work/District-Award-Travel/District-Award-Travel/platform/src/pipeline/external_api/api_client.py, /home/runner/work/District-Award-Travel/District-Award-Travel/platform/src/pipeline/cache/redis_cache.py, /home/runner/work/District-Award-Travel/District-Award-Travel/platform/src/pipeline/external_api/exceptions.py, /home/runner/work/District-Award-Travel/District-Award-Travel/platform/src/pipeline/external_api/api_monitor.py