Engineer: jeff
Date: 2026-06-06
Tasks completed: 32
Files written: 168

Task Summary:
  [DONE] TASK-1004: AI-powered award redemption recommender backend and frontend
         Files: /home/runner/work/District-Award-Travel/District-Award-Travel/platform/src/intelligence/recommender.py, /home/runner/work/District-Award-Travel/District-Award-Travel/platform/src/api/recommend.py, /home/runner/work/District-Award-Travel/District-Award-Travel/platform/public/recommender.html
  [DONE] TASK-1005: Client management dashboard — HTML frontend and FastAPI backend
         Files: /home/runner/work/District-Award-Travel/District-Award-Travel/platform/src/api/clients.py, /home/runner/work/District-Award-Travel/District-Award-Travel/platform/src/database/clients_db.py, /home/runner/work/District-Award-Travel/District-Award-Travel/platform/public/clients.html
  [DONE] TASK-1010: AI-powered Award Flight Recommendation Engine
         Files: /home/runner/work/District-Award-Travel/District-Award-Travel/platform/src/models/award_flight_recommender.py, /home/runner/work/District-Award-Travel/District-Award-Travel/platform/public/components/award-flight-recommender.js, /home/runner/work/District-Award-Travel/District-Award-Travel/platform/public/index.html, /home/runner/work/District-Award-Travel/District-Award-Travel/platform/public/styles.css, /home/runner/work/District-Award-Travel/District-Award-Travel/platform/src/main.py
  [DONE] TASK-1012: Implement Real-time Flight Price Monitoring
         Files: /home/runner/work/District-Award-Travel/District-Award-Travel/platform/src/pipeline/flight_price_monitor.py, /home/runner/work/District-Award-Travel/District-Award-Travel/platform/src/intelligence/flight_price_model.py, /home/runner/work/District-Award-Travel/District-Award-Travel/platform/public/index.html, /home/runner/work/District-Award-Travel/District-Award-Travel/platform/public/styles.css, /home/runner/work/District-Award-Travel/District-Award-Travel/platform/public/script.js
  [DONE] TASK-1014: Develop a Recommendation System for Award Travel
         Files: /home/runner/work/District-Award-Travel/District-Award-Travel/platform/src/intelligence/recommendation_system.py, /home/runner/work/District-Award-Travel/District-Award-Travel/platform/src/pipeline/data_loader.py, /home/runner/work/District-Award-Travel/District-Award-Travel/platform/public/index.html, /home/runner/work/District-Award-Travel/District-Award-Travel/platform/public/styles.css, /home/runner/work/District-Award-Travel/District-Award-Travel/platform/public/script.js, /home/runner/work/District-Award-Travel/District-Award-Travel/platform/src/main.py
  [DONE] TASK-1015: Implement User Authentication and Authorization
         Files: /home/runner/work/District-Award-Travel/District-Award-Travel/platform/src/main.py, /home/runner/work/District-Award-Travel/District-Award-Travel/platform/src/intelligence/auth.py, /home/runner/work/District-Award-Travel/District-Award-Travel/platform/public/index.html, /home/runner/work/District-Award-Travel/District-Award-Travel/platform/public/script.js, /home/runner/work/District-Award-Travel/District-Award-Travel/platform/public/dashboard.html, /home/runner/work/District-Award-Travel/District-Award-Travel/platform/public/dashboard.js
  [DONE] TASK-1011: Award Flight Availability Forecasting Dashboard
         Files: /home/runner/work/District-Award-Travel/District-Award-Travel/platform/public/components/award-flight-forecast.js, /home/runner/work/District-Award-Travel/District-Award-Travel/platform/public/index.html, /home/runner/work/District-Award-Travel/District-Award-Travel/platform/public/styles.css, /home/runner/work/District-Award-Travel/District-Award-Travel/platform/src/models/award_flight_forecaster.py, /home/runner/work/District-Award-Travel/District-Award-Travel/platform/src/pipeline/award_flight_pipeline.py, /home/runner/work/District-Award-Travel/District-Award-Travel/platform/src/main.py
  [DONE] TASK-1013: Implement Real-time Hotel Price Monitoring
         Files: /home/runner/work/District-Award-Travel/District-Award-Travel/platform/src/pipeline/hotel_price_monitor.py, /home/runner/work/District-Award-Travel/District-Award-Travel/platform/src/intelligence/hotel_price_prediction.py, /home/runner/work/District-Award-Travel/District-Award-Travel/platform/public/index.html, /home/runner/work/District-Award-Travel/District-Award-Travel/platform/public/script.js, /home/runner/work/District-Award-Travel/District-Award-Travel/platform/public/styles.css
  [DONE] TASK-1016: Develop a Data Visualization Dashboard
         Files: /home/runner/work/District-Award-Travel/District-Award-Travel/platform/public/index.html, /home/runner/work/District-Award-Travel/District-Award-Travel/platform/public/styles.css, /home/runner/work/District-Award-Travel/District-Award-Travel/platform/public/script.js, /home/runner/work/District-Award-Travel/District-Award-Travel/platform/src/main.py, /home/runner/work/District-Award-Travel/District-Award-Travel/platform/src/intelligence/data.py, /home/runner/work/District-Award-Travel/District-Award-Travel/platform/src/pipeline/pipeline.py
  [DONE] TASK-1017: Integrate Payment Gateway
         Files: /home/runner/work/District-Award-Travel/District-Award-Travel/platform/src/pipeline/payment_gateway.py, /home/runner/work/District-Award-Travel/District-Award-Travel/platform/public/index.html, /home/runner/work/District-Award-Travel/District-Award-Travel/platform/public/styles.css, /home/runner/work/District-Award-Travel/District-Award-Travel/platform/public/script.js
  [DONE] TASK-1018: Implement Real-Time Data Processing for Award Travel Data
         Files: /home/runner/work/District-Award-Travel/District-Award-Travel/platform/src/pipeline/pipeline.py, /home/runner/work/District-Award-Travel/District-Award-Travel/platform/src/intelligence/valuation_model.py, /home/runner/work/District-Award-Travel/District-Award-Travel/platform/src/pipeline/pipeline_runner.py, /home/runner/work/District-Award-Travel/District-Award-Travel/platform/public/index.html, /home/runner/work/District-Award-Travel/District-Award-Travel/platform/public/script.js, /home/runner/work/District-Award-Travel/District-Award-Travel/platform/public/styles.css
  [DONE] TASK-1019: Develop Award Travel Recommendation Engine
         Files: /home/runner/work/District-Award-Travel/District-Award-Travel/platform/src/intelligence/award_travel_recommender.py, /home/runner/work/District-Award-Travel/District-Award-Travel/platform/src/pipeline/data_pipeline.py, /home/runner/work/District-Award-Travel/District-Award-Travel/platform/public/index.html, /home/runner/work/District-Award-Travel/District-Award-Travel/platform/public/styles.css, /home/runner/work/District-Award-Travel/District-Award-Travel/platform/public/script.js
  [DONE] TASK-1020: Develop a User Interface for Award Travel Data Visualization
         Files: /home/runner/work/District-Award-Travel/District-Award-Travel/platform/public/index.html, /home/runner/work/District-Award-Travel/District-Award-Travel/platform/public/styles.css, /home/runner/work/District-Award-Travel/District-Award-Travel/platform/public/script.js, /home/runner/work/District-Award-Travel/District-Award-Travel/platform/src/intelligence/award_travel_data.py, /home/runner/work/District-Award-Travel/District-Award-Travel/platform/src/pipeline/award_travel_pipeline.py, /home/runner/work/District-Award-Travel/District-Award-Travel/platform/src/main.py
  [DONE] TASK-1021: Develop Award Travel Availability Forecasting Model
         Files: /home/runner/work/District-Award-Travel/District-Award-Travel/platform/src/intelligence/award_travel_forecasting_model.py, /home/runner/work/District-Award-Travel/District-Award-Travel/platform/src/pipeline/data_loader.py, /home/runner/work/District-Award-Travel/District-Award-Travel/platform/src/pipeline/data_processor.py, /home/runner/work/District-Award-Travel/District-Award-Travel/platform/src/pipeline/pipeline.py, /home/runner/work/District-Award-Travel/District-Award-Travel/platform/public/index.html, /home/runner/work/District-Award-Travel/District-Award-Travel/platform/public/styles.css, /home/runner/work/District-Award-Travel/District-Award-Travel/platform/public/script.js, /home/runner/work/District-Award-Travel/District-Award-Travel/platform/src/main.py
  [DONE] TASK-1022: Integrate Award Travel Data with User Profiles
         Files: /home/runner/work/District-Award-Travel/District-Award-Travel/platform/src/pipeline/data_integration.py, /home/runner/work/District-Award-Travel/District-Award-Travel/platform/src/intelligence/award_travel_model.py, /home/runner/work/District-Award-Travel/District-Award-Travel/platform/public/index.html, /home/runner/work/District-Award-Travel/District-Award-Travel/platform/public/styles.css, /home/runner/work/District-Award-Travel/District-Award-Travel/platform/public/script.js
  [DONE] TASK-1023: Integrate Award Travel Forecasting with Booking System
         Files: /home/runner/work/District-Award-Travel/District-Award-Travel/platform/src/intelligence/award_travel_forecasting.py, /home/runner/work/District-Award-Travel/District-Award-Travel/platform/src/pipeline/booking_system_integration.py, /home/runner/work/District-Award-Travel/District-Award-Travel/platform/public/index.html, /home/runner/work/District-Award-Travel/District-Award-Travel/platform/public/script.js, /home/runner/work/District-Award-Travel/District-Award-Travel/platform/public/styles.css
  [DONE] TASK-1024: Develop a User Interface for Award Travel Planning
         Files: /home/runner/work/District-Award-Travel/District-Award-Travel/platform/public/index.html, /home/runner/work/District-Award-Travel/District-Award-Travel/platform/public/styles.css, /home/runner/work/District-Award-Travel/District-Award-Travel/platform/public/script.js, /home/runner/work/District-Award-Travel/District-Award-Travel/platform/src/main.py, /home/runner/work/District-Award-Travel/District-Award-Travel/platform/src/intelligence/award_travel_planner.py, /home/runner/work/District-Award-Travel/District-Award-Travel/platform/src/pipeline/award_travel_pipeline.py
  [DONE] TASK-1025: Develop Award Travel Recommendation Engine
         Files: /home/runner/work/District-Award-Travel/District-Award-Travel/platform/src/intelligence/award_travel_recommender.py, /home/runner/work/District-Award-Travel/District-Award-Travel/platform/src/pipeline/data_pipeline.py, /home/runner/work/District-Award-Travel/District-Award-Travel/platform/public/index.html, /home/runner/work/District-Award-Travel/District-Award-Travel/platform/public/styles.css, /home/runner/work/District-Award-Travel/District-Award-Travel/platform/public/script.js
  [DONE] TASK-1026: Integrate Award Travel Booking System
         Files: /home/runner/work/District-Award-Travel/District-Award-Travel/platform/src/pipeline/booking_pipeline.py, /home/runner/work/District-Award-Travel/District-Award-Travel/platform/src/intelligence/award_travel_model.py, /home/runner/work/District-Award-Travel/District-Award-Travel/platform/public/index.html, /home/runner/work/District-Award-Travel/District-Award-Travel/platform/public/styles.css, /home/runner/work/District-Award-Travel/District-Award-Travel/platform/public/script.js, /home/runner/work/District-Award-Travel/District-Award-Travel/platform/src/pipeline/main.py
  [DONE] TASK-1027: Develop Award Travel Booking System
         Files: /home/runner/work/District-Award-Travel/District-Award-Travel/platform/src/main.py, /home/runner/work/District-Award-Travel/District-Award-Travel/platform/src/intelligence/award_travel_booking.py, /home/runner/work/District-Award-Travel/District-Award-Travel/platform/src/pipeline/booking_pipeline.py, /home/runner/work/District-Award-Travel/District-Award-Travel/platform/public/index.html, /home/runner/work/District-Award-Travel/District-Award-Travel/platform/public/booking-status.html
  [DONE] TASK-1028: Develop Award Travel Recommendation Engine
         Files: /home/runner/work/District-Award-Travel/District-Award-Travel/platform/src/intelligence/award_travel_recommender.py, /home/runner/work/District-Award-Travel/District-Award-Travel/platform/src/pipeline/data_pipeline.py, /home/runner/work/District-Award-Travel/District-Award-Travel/platform/public/index.html, /home/runner/work/District-Award-Travel/District-Award-Travel/platform/public/styles.css, /home/runner/work/District-Award-Travel/District-Award-Travel/platform/public/script.js, /home/runner/work/District-Award-Travel/District-Award-Travel/platform/src/main.py
  [DONE] TASK-1029: Integrate Payment Gateway for Award Travel Bookings
         Files: /home/runner/work/District-Award-Travel/District-Award-Travel/platform/src/pipeline/payment_gateway.py, /home/runner/work/District-Award-Travel/District-Award-Travel/platform/src/intelligence/booking_model.py, /home/runner/work/District-Award-Travel/District-Award-Travel/platform/public/index.html, /home/runner/work/District-Award-Travel/District-Award-Travel/platform/public/styles.css, /home/runner/work/District-Award-Travel/District-Award-Travel/platform/public/script.js
  [DONE] TASK-1030: Implement Real-time Data Processing for Award Travel Recommendation Engine
         Files: /home/runner/work/District-Award-Travel/District-Award-Travel/platform/src/pipeline/pipeline.py, /home/runner/work/District-Award-Travel/District-Award-Travel/platform/src/intelligence/award_travel_model.py, /home/runner/work/District-Award-Travel/District-Award-Travel/platform/public/index.html, /home/runner/work/District-Award-Travel/District-Award-Travel/platform/public/script.js, /home/runner/work/District-Award-Travel/District-Award-Travel/platform/public/styles.css
  [DONE] TASK-1031: Integrate Award Travel Booking API with Payment Gateway
         Files: /home/runner/work/District-Award-Travel/District-Award-Travel/platform/src/pipeline/booking_api.py, /home/runner/work/District-Award-Travel/District-Award-Travel/platform/src/pipeline/payment_gateway.py, /home/runner/work/District-Award-Travel/District-Award-Travel/platform/public/index.html, /home/runner/work/District-Award-Travel/District-Award-Travel/platform/public/styles.css, /home/runner/work/District-Award-Travel/District-Award-Travel/platform/public/script.js
  [DONE] TASK-1032: Integrate Award Travel Recommendation Engine with External Travel APIs
         Files: /home/runner/work/District-Award-Travel/District-Award-Travel/platform/src/intelligence/award_travel_recommendation_engine.py, /home/runner/work/District-Award-Travel/District-Award-Travel/platform/src/pipeline/travel_data_pipeline.py, /home/runner/work/District-Award-Travel/District-Award-Travel/platform/public/index.html, /home/runner/work/District-Award-Travel/District-Award-Travel/platform/public/script.js, /home/runner/work/District-Award-Travel/District-Award-Travel/platform/public/styles.css
  [DONE] TASK-1033: Develop User Profile Management System
         Files: /home/runner/work/District-Award-Travel/District-Award-Travel/platform/src/main.py, /home/runner/work/District-Award-Travel/District-Award-Travel/platform/src/intelligence/user_profile_management.py, /home/runner/work/District-Award-Travel/District-Award-Travel/platform/src/pipeline/user_profile_pipeline.py, /home/runner/work/District-Award-Travel/District-Award-Travel/platform/public/index.html, /home/runner/work/District-Award-Travel/District-Award-Travel/platform/public/styles.css, /home/runner/work/District-Award-Travel/District-Award-Travel/platform/public/script.js
  [DONE] TASK-1034: Develop User Interface for Award Travel Recommendation Engine
         Files: /home/runner/work/District-Award-Travel/District-Award-Travel/platform/public/index.html, /home/runner/work/District-Award-Travel/District-Award-Travel/platform/public/styles.css, /home/runner/work/District-Award-Travel/District-Award-Travel/platform/public/script.js, /home/runner/work/District-Award-Travel/District-Award-Travel/platform/src/main.py, /home/runner/work/District-Award-Travel/District-Award-Travel/platform/src/intelligence/award_travel_recommendation_engine.py, /home/runner/work/District-Award-Travel/District-Award-Travel/platform/src/pipeline/award_travel_pipeline.py
  [DONE] TASK-1035: Integrate Payment Gateway
         Files: /home/runner/work/District-Award-Travel/District-Award-Travel/platform/src/pipeline/payment_gateway.py, /home/runner/work/District-Award-Travel/District-Award-Travel/platform/public/index.html, /home/runner/work/District-Award-Travel/District-Award-Travel/platform/public/script.js, /home/runner/work/District-Award-Travel/District-Award-Travel/platform/public/styles.css
  [DONE] TASK-1036: Develop Award Travel Recommendation Engine Evaluation Metrics
         Files: /home/runner/work/District-Award-Travel/District-Award-Travel/platform/src/intelligence/metrics.py, /home/runner/work/District-Award-Travel/District-Award-Travel/platform/src/pipeline/evaluation_pipeline.py, /home/runner/work/District-Award-Travel/District-Award-Travel/platform/public/index.html, /home/runner/work/District-Award-Travel/District-Award-Travel/platform/public/styles.css, /home/runner/work/District-Award-Travel/District-Award-Travel/platform/public/script.js, /home/runner/work/District-Award-Travel/District-Award-Travel/platform/src/main.py
  [DONE] TASK-1037: Develop Travel Booking API
         Files: /home/runner/work/District-Award-Travel/District-Award-Travel/platform/src/main.py, /home/runner/work/District-Award-Travel/District-Award-Travel/platform/src/pipeline/booking_pipeline.py, /home/runner/work/District-Award-Travel/District-Award-Travel/platform/src/intelligence/travel_booking_model.py, /home/runner/work/District-Award-Travel/District-Award-Travel/platform/public/index.html, /home/runner/work/District-Award-Travel/District-Award-Travel/platform/public/script.js, /home/runner/work/District-Award-Travel/District-Award-Travel/platform/public/styles.css
  [DONE] TASK-1038: Integrate Award Travel Recommendation Engine with User Interface
         Files: /home/runner/work/District-Award-Travel/District-Award-Travel/platform/main.py, /home/runner/work/District-Award-Travel/District-Award-Travel/platform/public/templates/index.html, /home/runner/work/District-Award-Travel/District-Award-Travel/platform/public/templates/recommendations.html
  [DONE] TASK-1039: Develop Travel Booking Dashboard
         Files: /home/runner/work/District-Award-Travel/District-Award-Travel/platform/main.py, /home/runner/work/District-Award-Travel/District-Award-Travel/platform/src/api/routes.py, /home/runner/work/District-Award-Travel/District-Award-Travel/platform/src/db/database.py, /home/runner/work/District-Award-Travel/District-Award-Travel/platform/src/pipeline/booking_pipeline.py, /home/runner/work/District-Award-Travel/District-Award-Travel/platform/src/intelligence/valuation_engine.py