Engineer: jeff
Date: 2026-05-22
Tasks completed: 8
Files written: 45

Task Summary:
  [DONE] TASK-283: Train a Large Language Model for Personalized Award Travel Recommendations and Conversational Support
         Files: /home/runner/work/District-Award-Travel/District-Award-Travel/platform/src/intelligence/model.py, /home/runner/work/District-Award-Travel/District-Award-Travel/platform/src/intelligence/data.py, /home/runner/work/District-Award-Travel/District-Award-Travel/platform/src/pipeline/train_pipeline.py, /home/runner/work/District-Award-Travel/District-Award-Travel/platform/public/index.html, /home/runner/work/District-Award-Travel/District-Award-Travel/platform/public/styles.css, /home/runner/work/District-Award-Travel/District-Award-Travel/platform/public/script.js, /home/runner/work/District-Award-Travel/District-Award-Travel/platform/src/main.py
  [DONE] TASK-284: Build an Explainable AI-Powered Award Redemption Simulator for Client Decision Support
         Files: /home/runner/work/District-Award-Travel/District-Award-Travel/platform/src/intelligence/award_redemption_simulator.py, /home/runner/work/District-Award-Travel/District-Award-Travel/platform/src/pipeline/award_redemption_pipeline.py, /home/runner/work/District-Award-Travel/District-Award-Travel/platform/public/index.html, /home/runner/work/District-Award-Travel/District-Award-Travel/platform/public/styles.css, /home/runner/work/District-Award-Travel/District-Award-Travel/platform/public/script.js
  [DONE] TASK-285: Develop a Conversational Interface for Award Travel Support
         Files: /home/runner/work/District-Award-Travel/District-Award-Travel/platform/src/intelligence/language_model.py, /home/runner/work/District-Award-Travel/District-Award-Travel/platform/src/pipeline/conversational_interface.py, /home/runner/work/District-Award-Travel/District-Award-Travel/platform/public/index.html, /home/runner/work/District-Award-Travel/District-Award-Travel/platform/public/styles.css, /home/runner/work/District-Award-Travel/District-Award-Travel/platform/public/script.js, /home/runner/work/District-Award-Travel/District-Award-Travel/platform/src/main.py
  [DONE] TASK-286: Integrate Award Redemption Simulator with Client Dashboard
         Files: /home/runner/work/District-Award-Travel/District-Award-Travel/platform/public/index.html, /home/runner/work/District-Award-Travel/District-Award-Travel/platform/public/styles.css, /home/runner/work/District-Award-Travel/District-Award-Travel/platform/public/script.js, /home/runner/work/District-Award-Travel/District-Award-Travel/platform/src/intelligence/award_redemption_simulator.py, /home/runner/work/District-Award-Travel/District-Award-Travel/platform/src/pipeline/award_redemption_pipeline.py
  [DONE] TASK-287: Implement User Authentication and Authorization for Conversational Interface
         Files: /home/runner/work/District-Award-Travel/District-Award-Travel/platform/src/intelligence/auth.py, /home/runner/work/District-Award-Travel/District-Award-Travel/platform/src/pipeline/pipeline.py, /home/runner/work/District-Award-Travel/District-Award-Travel/platform/public/index.html, /home/runner/work/District-Award-Travel/District-Award-Travel/platform/public/script.js, /home/runner/work/District-Award-Travel/District-Award-Travel/platform/public/styles.css
  [DONE] TASK-288: Integrate Award Redemption Simulator with Client Profile
         Files: /home/runner/work/District-Award-Travel/District-Award-Travel/platform/src/pipeline/award_redemption_simulator.py, /home/runner/work/District-Award-Travel/District-Award-Travel/platform/src/intelligence/client_profile.py, /home/runner/work/District-Award-Travel/District-Award-Travel/platform/src/intelligence/award_redemption_model.py, /home/runner/work/District-Award-Travel/District-Award-Travel/platform/public/index.html, /home/runner/work/District-Award-Travel/District-Award-Travel/platform/public/script.js, /home/runner/work/District-Award-Travel/District-Award-Travel/platform/public/styles.css
  [DONE] TASK-289: Integrate Conversational Interface with Booking System
         Files: /home/runner/work/District-Award-Travel/District-Award-Travel/platform/src/pipeline/booking_pipeline.py, /home/runner/work/District-Award-Travel/District-Award-Travel/platform/src/intelligence/conversational_interface.py, /home/runner/work/District-Award-Travel/District-Award-Travel/platform/public/index.html, /home/runner/work/District-Award-Travel/District-Award-Travel/platform/public/script.js, /home/runner/work/District-Award-Travel/District-Award-Travel/platform/public/styles.css
  [DONE] TASK-290: Integrate Award Redemption Simulator with Client Dashboard
         Files: /home/runner/work/District-Award-Travel/District-Award-Travel/platform/src/intelligence/award_redemption_simulator.py, /home/runner/work/District-Award-Travel/District-Award-Travel/platform/src/pipeline/award_redemption_pipeline.py, /home/runner/work/District-Award-Travel/District-Award-Travel/platform/public/index.html, /home/runner/work/District-Award-Travel/District-Award-Travel/platform/public/styles.css, /home/runner/work/District-Award-Travel/District-Award-Travel/platform/public/script.js, /home/runner/work/District-Award-Travel/District-Award-Travel/platform/src/main.py