Engineer: jeff
Date: 2026-05-24
Tasks completed: 20
Files written: 108

Task Summary:
  [DONE] TASK-205: Train a Graph Neural Network-Based AI Model for Award Travel Route Optimization with Integrated User Behavior Analysis and Preferences
         Files: /home/runner/work/District-Award-Travel/District-Award-Travel/platform/src/intelligence/graph_neural_network.py, /home/runner/work/District-Award-Travel/District-Award-Travel/platform/src/pipeline/data_loader.py, /home/runner/work/District-Award-Travel/District-Award-Travel/platform/src/pipeline/data_preprocessor.py, /home/runner/work/District-Award-Travel/District-Award-Travel/platform/src/pipeline/pipeline.py, /home/runner/work/District-Award-Travel/District-Award-Travel/platform/public/index.html, /home/runner/work/District-Award-Travel/District-Award-Travel/platform/public/script.js, /home/runner/work/District-Award-Travel/District-Award-Travel/platform/public/styles.css, /home/runner/work/District-Award-Travel/District-Award-Travel/platform/src/main.py
  [DONE] TASK-206: Develop an Augmented Reality-Based Award Travel Planning Assistant with Integrated Booking and Itinerary Management
         Files: /home/runner/work/District-Award-Travel/District-Award-Travel/platform/src/intelligence/award_travel_planner.py, /home/runner/work/District-Award-Travel/District-Award-Travel/platform/src/pipeline/booking_pipeline.py, /home/runner/work/District-Award-Travel/District-Award-Travel/platform/public/index.html, /home/runner/work/District-Award-Travel/District-Award-Travel/platform/public/styles.css, /home/runner/work/District-Award-Travel/District-Award-Travel/platform/public/script.js
  [DONE] TASK-207: Implement Real-Time Award Travel Route Updates
         Files: /home/runner/work/District-Award-Travel/District-Award-Travel/platform/src/pipeline/award_travel_pipeline.py, /home/runner/work/District-Award-Travel/District-Award-Travel/platform/src/intelligence/award_travel_model.py, /home/runner/work/District-Award-Travel/District-Award-Travel/platform/public/index.html, /home/runner/work/District-Award-Travel/District-Award-Travel/platform/public/styles.css, /home/runner/work/District-Award-Travel/District-Award-Travel/platform/public/script.js
  [DONE] TASK-208: Develop a Mobile App for Award Travel Planning
         Files: /home/runner/work/District-Award-Travel/District-Award-Travel/platform/public/index.html, /home/runner/work/District-Award-Travel/District-Award-Travel/platform/public/styles.css, /home/runner/work/District-Award-Travel/District-Award-Travel/platform/public/script.js, /home/runner/work/District-Award-Travel/District-Award-Travel/platform/src/intelligence/award_travel_model.py, /home/runner/work/District-Award-Travel/District-Award-Travel/platform/src/pipeline/plan_trip_pipeline.py, /home/runner/work/District-Award-Travel/District-Award-Travel/platform/src/main.py
  [DONE] TASK-209: Integrate Award Travel Route Updates with User Notifications
         Files: /home/runner/work/District-Award-Travel/District-Award-Travel/platform/src/pipeline/award_travel_route_updates.py, /home/runner/work/District-Award-Travel/District-Award-Travel/platform/src/intelligence/award_travel_route_updates.py, /home/runner/work/District-Award-Travel/District-Award-Travel/platform/public/index.html, /home/runner/work/District-Award-Travel/District-Award-Travel/platform/public/styles.css, /home/runner/work/District-Award-Travel/District-Award-Travel/platform/public/script.js
  [DONE] TASK-210: Implement User Authentication and Authorization
         Files: /home/runner/work/District-Award-Travel/District-Award-Travel/platform/src/pipeline/auth.py, /home/runner/work/District-Award-Travel/District-Award-Travel/platform/src/pipeline/database.py, /home/runner/work/District-Award-Travel/District-Award-Travel/platform/public/index.html, /home/runner/work/District-Award-Travel/District-Award-Travel/platform/public/script.js, /home/runner/work/District-Award-Travel/District-Award-Travel/platform/public/styles.css
  [DONE] TASK-211: Integrate Award Travel Route Updates with User Profiles
         Files: /home/runner/work/District-Award-Travel/District-Award-Travel/platform/src/intelligence/user_profile.py, /home/runner/work/District-Award-Travel/District-Award-Travel/platform/src/pipeline/award_travel_route_update.py, /home/runner/work/District-Award-Travel/District-Award-Travel/platform/src/pipeline/pipeline.py, /home/runner/work/District-Award-Travel/District-Award-Travel/platform/public/index.html, /home/runner/work/District-Award-Travel/District-Award-Travel/platform/public/script.js, /home/runner/work/District-Award-Travel/District-Award-Travel/platform/public/styles.css, /home/runner/work/District-Award-Travel/District-Award-Travel/platform/src/main.py
  [DONE] TASK-212: Integrate Payment Gateway
         Files: /home/runner/work/District-Award-Travel/District-Award-Travel/platform/src/pipeline/payment_gateway.py, /home/runner/work/District-Award-Travel/District-Award-Travel/platform/src/intelligence/award_travel_model.py, /home/runner/work/District-Award-Travel/District-Award-Travel/platform/public/index.html, /home/runner/work/District-Award-Travel/District-Award-Travel/platform/public/styles.css, /home/runner/work/District-Award-Travel/District-Award-Travel/platform/public/script.js
  [DONE] TASK-213: Integrate Award Travel Booking System with Payment Gateway
         Files: /home/runner/work/District-Award-Travel/District-Award-Travel/platform/src/main.py, /home/runner/work/District-Award-Travel/District-Award-Travel/platform/src/intelligence/payment_gateway.py, /home/runner/work/District-Award-Travel/District-Award-Travel/platform/src/pipeline/booking_pipeline.py, /home/runner/work/District-Award-Travel/District-Award-Travel/platform/public/index.html, /home/runner/work/District-Award-Travel/District-Award-Travel/platform/public/styles.css, /home/runner/work/District-Award-Travel/District-Award-Travel/platform/public/script.js
  [DONE] TASK-214: Develop User Profile Management System
         Files: /home/runner/work/District-Award-Travel/District-Award-Travel/platform/src/models/user.py, /home/runner/work/District-Award-Travel/District-Award-Travel/platform/src/database.py, /home/runner/work/District-Award-Travel/District-Award-Travel/platform/src/pipeline/user_pipeline.py, /home/runner/work/District-Award-Travel/District-Award-Travel/platform/src/intelligence/user_intelligence.py, /home/runner/work/District-Award-Travel/District-Award-Travel/platform/public/index.html, /home/runner/work/District-Award-Travel/District-Award-Travel/platform/public/styles.css, /home/runner/work/District-Award-Travel/District-Award-Travel/platform/public/script.js, /home/runner/work/District-Award-Travel/District-Award-Travel/platform/src/main.py
  [DONE] TASK-215: Integrate with Flight Scheduling System
         Files: /home/runner/work/District-Award-Travel/District-Award-Travel/platform/src/pipeline/flight_scheduler.py, /home/runner/work/District-Award-Travel/District-Award-Travel/platform/src/intelligence/flight_valuation.py, /home/runner/work/District-Award-Travel/District-Award-Travel/platform/public/index.html, /home/runner/work/District-Award-Travel/District-Award-Travel/platform/public/script.js, /home/runner/work/District-Award-Travel/District-Award-Travel/platform/public/styles.css
  [DONE] TASK-216: Integrate User Profile Management System with Award Travel Booking System
         Files: /home/runner/work/District-Award-Travel/District-Award-Travel/platform/src/intelligence/user_profile.py, /home/runner/work/District-Award-Travel/District-Award-Travel/platform/src/pipeline/award_travel_booking.py, /home/runner/work/District-Award-Travel/District-Award-Travel/platform/public/index.html, /home/runner/work/District-Award-Travel/District-Award-Travel/platform/public/script.js
  [DONE] TASK-217: Develop User Profile Management System
         Files: /home/runner/work/District-Award-Travel/District-Award-Travel/platform/src/models/user.py, /home/runner/work/District-Award-Travel/District-Award-Travel/platform/src/database/users.py
  [DONE] TASK-218: Develop User Profile Analytics Dashboard
         Files: /home/runner/work/District-Award-Travel/District-Award-Travel/platform/src/intelligence/user_profile_analytics.py, /home/runner/work/District-Award-Travel/District-Award-Travel/platform/src/pipeline/user_profile_pipeline.py, /home/runner/work/District-Award-Travel/District-Award-Travel/platform/public/index.html, /home/runner/work/District-Award-Travel/District-Award-Travel/platform/public/styles.css, /home/runner/work/District-Award-Travel/District-Award-Travel/platform/public/script.js
  [DONE] TASK-219: Develop Award Points Redemption System
         Files: /home/runner/work/District-Award-Travel/District-Award-Travel/platform/src/intelligence/award_points_redeemer.py, /home/runner/work/District-Award-Travel/District-Award-Travel/platform/src/intelligence/models.py, /home/runner/work/District-Award-Travel/District-Award-Travel/platform/src/pipeline/pipeline.py, /home/runner/work/District-Award-Travel/District-Award-Travel/platform/public/index.html, /home/runner/work/District-Award-Travel/District-Award-Travel/platform/public/styles.css, /home/runner/work/District-Award-Travel/District-Award-Travel/platform/public/script.js
  [DONE] TASK-221: Integrate Award Points Redemption System with Payment Gateway
         Files: /home/runner/work/District-Award-Travel/District-Award-Travel/platform/src/intelligence/award_points_redemption.py, /home/runner/work/District-Award-Travel/District-Award-Travel/platform/src/intelligence/payment_gateway.py, /home/runner/work/District-Award-Travel/District-Award-Travel/platform/src/pipeline/award_points_pipeline.py, /home/runner/work/District-Award-Travel/District-Award-Travel/platform/public/index.html, /home/runner/work/District-Award-Travel/District-Award-Travel/platform/public/script.js, /home/runner/work/District-Award-Travel/District-Award-Travel/platform/public/styles.css
  [DONE] TASK-222: Implement User Authentication System
         Files: /home/runner/work/District-Award-Travel/District-Award-Travel/platform/src/intelligence/auth.py, /home/runner/work/District-Award-Travel/District-Award-Travel/platform/src/pipeline/auth_pipeline.py, /home/runner/work/District-Award-Travel/District-Award-Travel/platform/public/index.html, /home/runner/work/District-Award-Travel/District-Award-Travel/platform/public/styles.css
  [DONE] TASK-220: Integrate User Profile Analytics with Award Points Redemption System
         Files: /home/runner/work/District-Award-Travel/District-Award-Travel/platform/src/intelligence/user_profile_analytics.py, /home/runner/work/District-Award-Travel/District-Award-Travel/platform/src/pipeline/award_points_redemption.py, /home/runner/work/District-Award-Travel/District-Award-Travel/platform/public/index.html, /home/runner/work/District-Award-Travel/District-Award-Travel/platform/public/styles.css, /home/runner/work/District-Award-Travel/District-Award-Travel/platform/public/script.js
  [DONE] TASK-223: Integrate Award Points Redemption System with User Profile
         Files: /home/runner/work/District-Award-Travel/District-Award-Travel/platform/src/intelligence/award_points_redemption.py, /home/runner/work/District-Award-Travel/District-Award-Travel/platform/src/intelligence/user_profile.py, /home/runner/work/District-Award-Travel/District-Award-Travel/platform/src/pipeline/award_points_pipeline.py, /home/runner/work/District-Award-Travel/District-Award-Travel/platform/public/index.html, /home/runner/work/District-Award-Travel/District-Award-Travel/platform/public/script.js, /home/runner/work/District-Award-Travel/District-Award-Travel/platform/public/styles.css
  [DONE] TASK-224: Integrate User Authentication with Award Points Redemption System
         Files: /home/runner/work/District-Award-Travel/District-Award-Travel/platform/src/intelligence/auth.py, /home/runner/work/District-Award-Travel/District-Award-Travel/platform/src/pipeline/award_points_redemption.py, /home/runner/work/District-Award-Travel/District-Award-Travel/platform/public/index.html, /home/runner/work/District-Award-Travel/District-Award-Travel/platform/public/script.js, /home/runner/work/District-Award-Travel/District-Award-Travel/platform/public/styles.css